2024-08-13 11:35:21,864 - MedRegistry - INFO - Crone started
2024-08-13 11:36:45,423 - MedRegistry - INFO - Users sent from Db
2024-08-13 11:48:56,277 - MedRegistry - INFO - Users sent from Db
2024-08-13 11:49:47,067 - MedRegistry - INFO - User is successfully authorized
2024-08-13 11:49:54,487 - MedRegistry - WARNING - Incorrect password
2024-08-13 11:50:01,154 - MedRegistry - INFO - Users sent from Db
2024-08-13 11:50:04,161 - MedRegistry - INFO - Users sent from Db
2024-08-13 11:50:16,391 - MedRegistry - INFO - Dispensaries sent from DB
2024-08-13 11:51:26,582 - MedRegistry - INFO - Dispensary added to DB
2024-08-13 11:51:26,587 - MedRegistry - INFO - Dispensary added successfully
2024-08-13 11:51:36,462 - MedRegistry - INFO - User logged out successfully
2024-08-13 11:51:38,842 - MedRegistry - WARNING - Token not found
2024-08-13 11:51:46,220 - MedRegistry - WARNING - Token not found
2024-08-13 11:52:04,298 - MedRegistry - WARNING - Incorrect password
2024-08-13 11:52:08,775 - MedRegistry - INFO - User is successfully authorized
2024-08-13 11:52:23,670 - MedRegistry - INFO - Task added to DB
2024-08-13 11:52:23,673 - MedRegistry - INFO - Room added successfully
2024-08-13 11:52:30,035 - MedRegistry - INFO - Task added to DB
2024-08-13 11:52:30,037 - MedRegistry - INFO - Room added successfully
2024-08-13 11:52:42,030 - MedRegistry - INFO - Task added to DB
2024-08-13 11:52:42,033 - MedRegistry - INFO - Room added successfully
2024-08-13 11:52:47,728 - MedRegistry - INFO - Task added to DB
2024-08-13 11:52:47,734 - MedRegistry - INFO - Room added successfully
2024-08-13 11:52:50,470 - MedRegistry - WARNING - Room already added
2024-08-13 11:54:37,406 - MedRegistry - INFO - Task added to DB
2024-08-13 11:54:37,408 - MedRegistry - INFO - Bunk added successfully
2024-08-13 11:54:56,602 - MedRegistry - INFO - Task added to DB
2024-08-13 11:54:56,605 - MedRegistry - INFO - Bunk added successfully
2024-08-13 11:54:58,898 - MedRegistry - WARNING - Bunk already added
2024-08-13 11:55:09,586 - MedRegistry - INFO - Task added to DB
2024-08-13 11:55:09,592 - MedRegistry - INFO - Bunk added successfully
2024-08-13 11:55:13,134 - MedRegistry - INFO - Task added to DB
2024-08-13 11:55:13,139 - MedRegistry - INFO - Bunk added successfully
2024-08-13 11:55:22,791 - MedRegistry - INFO - Users sent from Db
2024-08-13 11:55:52,592 - MedRegistry - INFO - User added to DB
2024-08-13 11:55:52,595 - MedRegistry - INFO - User added successfully
2024-08-13 11:56:20,847 - MedRegistry - INFO - User added to DB
2024-08-13 11:56:20,853 - MedRegistry - INFO - User added successfully
2024-08-13 11:56:33,835 - MedRegistry - INFO - Users sent from Db
2024-08-13 11:57:33,051 - MedRegistry - INFO - User added to DB
2024-08-13 11:57:33,058 - MedRegistry - INFO - User added successfully
2024-08-13 11:58:26,943 - MedRegistry - INFO - Users sent from Db
2024-08-13 11:59:04,578 - MedRegistry - INFO - Bunks sent from DB
2024-08-13 11:59:22,031 - MedRegistry - INFO - Patients sent from Db
2024-08-13 11:59:31,426 - MedRegistry - INFO - User logged out successfully
2024-08-13 11:59:55,306 - MedRegistry - INFO - User is successfully authorized
2024-08-13 12:01:05,637 - MedRegistry - WARNING - There is no such doctor at this dispensary
2024-08-13 12:01:12,968 - MedRegistry - INFO - Bunk booking
2024-08-13 12:01:12,989 - MedRegistry - INFO - User added to DB
2024-08-13 12:01:12,992 - MedRegistry - INFO - Patient added to DB
2024-08-13 12:01:16,720 - MedRegistry - WARNING - Bunk already reserved
2024-08-13 12:01:33,654 - MedRegistry - INFO - Bunk booking
2024-08-13 12:01:33,664 - MedRegistry - INFO - User added to DB
2024-08-13 12:01:33,666 - MedRegistry - INFO - Patient added to DB
2024-08-13 12:01:49,841 - MedRegistry - WARNING - No free bunks available in this dispensary
2024-08-13 12:02:01,906 - MedRegistry - INFO - User logged out successfully
2024-08-13 12:02:25,418 - MedRegistry - INFO - User is successfully authorized
2024-08-13 12:04:32,208 - MedRegistry - WARNING - There is no such doctor at this dispensary
2024-08-13 12:05:01,550 - MedRegistry - INFO - Bunk booking
2024-08-13 12:05:01,563 - MedRegistry - INFO - User added to DB
2024-08-13 12:05:01,568 - MedRegistry - INFO - Patient added to DB
2024-08-13 12:06:00,756 - MedRegistry - WARNING - Bunk already reserved
2024-08-13 12:06:13,278 - MedRegistry - INFO - Patients sent from Db
2024-08-13 12:07:05,680 - MedRegistry - INFO - Bunk booking
2024-08-13 12:07:05,692 - MedRegistry - INFO - User added to DB
2024-08-13 12:07:05,695 - MedRegistry - INFO - Patient added to DB
2024-08-13 12:07:08,383 - MedRegistry - WARNING - Bunk already reserved
2024-08-13 12:07:15,173 - MedRegistry - INFO - Bunks sent from DB
2024-08-13 12:07:21,467 - MedRegistry - INFO - Patients sent from Db
2024-08-13 12:08:03,019 - MedRegistry - WARNING - There is no such doctor at this dispensary
2024-08-13 12:08:12,243 - MedRegistry - WARNING - the patent is already in the Dispensary
2024-08-13 12:10:00,119 - MedRegistry - INFO - Bye Bye!!
